102.03.20 12:37 B c:\savethekangaroo\images\flags\russia.gif --> ftp.savethekangaroo.com /e:/aspectint/savethe/images/flags russia.gif
102.05.02 17:48 B c:\savethekangaroo\images\flags\au.gif --> ftp.savethekangaroo.com /e:/aspectint/savethe/images/flags au.gif
102.05.02 17:48 B c:\savethekangaroo\images\flags\canada.gif --> ftp.savethekangaroo.com /e:/aspectint/savethe/images/flags canada.gif
102.05.02 17:48 B c:\savethekangaroo\images\flags\croatia.gif --> ftp.savethekangaroo.com /e:/aspectint/savethe/images/flags croatia.gif
102.05.02 17:48 B c:\savethekangaroo\images\flags\czechrep.gif --> ftp.savethekangaroo.com /e:/aspectint/savethe/images/flags czechrep.gif
102.05.02 17:48 B c:\savethekangaroo\images\flags\estonia.gif --> ftp.savethekangaroo.com /e:/aspectint/savethe/images/flags estonia.gif
102.05.02 17:49 B c:\savethekangaroo\images\flags\france.gif --> ftp.savethekangaroo.com /e:/aspectint/savethe/images/flags france.gif
102.05.02 17:49 B c:\savethekangaroo\images\flags\germany.gif --> ftp.savethekangaroo.com /e:/aspectint/savethe/images/flags germany.gif
102.05.02 17:49 B c:\savethekangaroo\images\flags\ireland.gif --> ftp.savethekangaroo.com /e:/aspectint/savethe/images/flags ireland.gif
102.05.02 17:49 B c:\savethekangaroo\images\flags\italy.gif --> ftp.savethekangaroo.com /e:/aspectint/savethe/images/flags italy.gif
102.05.02 17:49 B c:\savethekangaroo\images\flags\netherlands.gif --> ftp.savethekangaroo.com /e:/aspectint/savethe/images/flags netherlands.gif
102.05.02 17:49 B c:\savethekangaroo\images\flags\nz.gif --> ftp.savethekangaroo.com /e:/aspectint/savethe/images/flags nz.gif
102.05.02 17:49 B c:\savethekangaroo\images\flags\poland.gif --> ftp.savethekangaroo.com /e:/aspectint/savethe/images/flags poland.gif
102.05.02 17:49 B c:\savethekangaroo\images\flags\russia.gif --> ftp.savethekangaroo.com /e:/aspectint/savethe/images/flags russia.gif
102.05.02 17:49 B c:\savethekangaroo\images\flags\singapore.gif --> ftp.savethekangaroo.com /e:/aspectint/savethe/images/flags singapore.gif
102.05.02 17:49 B c:\savethekangaroo\images\flags\slovakia.gif --> ftp.savethekangaroo.com /e:/aspectint/savethe/images/flags slovakia.gif
102.05.02 17:49 B c:\savethekangaroo\images\flags\uk.gif --> ftp.savethekangaroo.com /e:/aspectint/savethe/images/flags uk.gif
102.05.02 17:49 B c:\savethekangaroo\images\flags\usa.gif --> ftp.savethekangaroo.com /e:/aspectint/savethe/images/flags usa.gif
102.07.09 15:48 B c:\savethekangaroo\images\flags\poland.gif --> ftp.adventinternet.net /images/flags poland.gif
102.07.09 15:48 B c:\savethekangaroo\images\flags\estonia.gif --> ftp.adventinternet.net /images/flags estonia.gif
102.07.09 15:48 B c:\savethekangaroo\images\flags\netherlands.gif --> ftp.adventinternet.net /images/flags netherlands.gif
102.07.09 15:48 B c:\savethekangaroo\images\flags\russia.gif --> ftp.adventinternet.net /images/flags russia.gif
102.07.09 15:48 B c:\savethekangaroo\images\flags\germany.gif --> ftp.adventinternet.net /images/flags germany.gif
102.07.09 15:48 B c:\savethekangaroo\images\flags\usa.gif --> ftp.adventinternet.net /images/flags usa.gif
102.07.09 15:48 B c:\savethekangaroo\images\flags\france.gif --> ftp.adventinternet.net /images/flags france.gif
102.07.09 15:48 B c:\savethekangaroo\images\flags\italy.gif --> ftp.adventinternet.net /images/flags italy.gif
102.07.09 15:48 B c:\savethekangaroo\images\flags\czechrep.gif --> ftp.adventinternet.net /images/flags czechrep.gif
102.07.09 15:48 B c:\savethekangaroo\images\flags\singapore.gif --> ftp.adventinternet.net /images/flags singapore.gif
102.07.09 15:48 B c:\savethekangaroo\images\flags\ireland.gif --> ftp.adventinternet.net /images/flags ireland.gif
102.07.09 15:48 B c:\savethekangaroo\images\flags\slovakia.gif --> ftp.adventinternet.net /images/flags slovakia.gif
102.07.09 15:48 B c:\savethekangaroo\images\flags\canada.gif --> ftp.adventinternet.net /images/flags canada.gif
102.07.09 15:48 B c:\savethekangaroo\images\flags\croatia.gif --> ftp.adventinternet.net /images/flags croatia.gif
102.07.09 15:48 B c:\savethekangaroo\images\flags\nz.gif --> ftp.adventinternet.net /images/flags nz.gif
102.07.09 15:48 B c:\savethekangaroo\images\flags\au.gif --> ftp.adventinternet.net /images/flags au.gif
102.07.09 15:48 B c:\savethekangaroo\images\flags\uk.gif --> ftp.adventinternet.net /images/flags uk.gif
